[debug] [2021-02-15T22:31:55.649Z] ----------------------------------------------------------------------
[debug] [2021-02-15T22:31:55.651Z] Command:       C:\Program Files\nodejs\node.exe C:\Users\Bryan\AppData\Roaming\npm\node_modules\firebase-tools\lib\bin\firebase.js init
[debug] [2021-02-15T22:31:55.651Z] CLI Version:   9.3.0
[debug] [2021-02-15T22:31:55.651Z] Platform:      win32
[debug] [2021-02-15T22:31:55.651Z] Node Version:  v15.8.0
[debug] [2021-02-15T22:31:55.652Z] Time:          Mon Feb 15 2021 19:31:55 GMT-0300 (Brasilia Standard Time)
[debug] [2021-02-15T22:31:55.652Z] ----------------------------------------------------------------------
[debug] [2021-02-15T22:31:55.652Z] 
[debug] [2021-02-15T22:31:55.656Z] > command requires scopes: ["email","openid","https://www.googleapis.com/auth/cloudplatformprojects.readonly","https://www.googleapis.com/auth/firebase","https://www.googleapis.com/auth/cloud-platform"]
[debug] [2021-02-15T22:31:55.656Z] > authorizing via signed-in user
[info] 
     ######## #### ########  ######## ########     ###     ######  ########
     ##        ##  ##     ## ##       ##     ##  ##   ##  ##       ##
     ######    ##  ########  ######   ########  #########  ######  ######
     ##        ##  ##    ##  ##       ##     ## ##     ##       ## ##
     ##       #### ##     ## ######## ########  ##     ##  ######  ########

You're about to initialize a Firebase project in this directory:

  C:\Users\Bryan\Documents\Studies\rene\treact

[info] 
=== Project Setup
[info] 
[info] First, let's associate this project directory with a Firebase project.
[info] You can create multiple project aliases by running firebase use --add, 
[info] but for now we'll just set up a default project.
[info] 
[debug] [2021-02-15T22:32:13.242Z] > refreshing access token with scopes: []
[debug] [2021-02-15T22:32:13.242Z] >>> HTTP REQUEST POST https://www.googleapis.com/oauth2/v3/token  
 <request body omitted>
[debug] [2021-02-15T22:32:13.492Z] <<< HTTP RESPONSE 200 {"pragma":"no-cache","cache-control":"no-cache, no-store, max-age=0, must-revalidate","date":"Mon, 15 Feb 2021 22:32:17 GMT","expires":"Mon, 01 Jan 1990 00:00:00 GMT","content-type":"application/json; charset=utf-8","vary":"X-Origin, Referer, Origin,Accept-Encoding","server":"scaffolding on HTTPServer2","x-xss-protection":"0","x-frame-options":"SAMEORIGIN","x-content-type-options":"nosniff","alt-svc":"h3-29=\":443\"; ma=2592000,h3-T051=\":443\"; ma=2592000,h3-Q050=\":443\"; ma=2592000,h3-Q046=\":443\"; ma=2592000,h3-Q043=\":443\"; ma=2592000,quic=\":443\"; ma=2592000; v=\"46,43\"","accept-ranges":"none","transfer-encoding":"chunked"}
[debug] [2021-02-15T22:32:13.509Z] >>> [apiv2][query] GET https://firebase.googleapis.com/v1beta1/projects pageSize=100
[debug] [2021-02-15T22:32:14.628Z] <<< [apiv2][status] GET https://firebase.googleapis.com/v1beta1/projects 200
[debug] [2021-02-15T22:32:14.628Z] <<< [apiv2][body] GET https://firebase.googleapis.com/v1beta1/projects [omitted]
[debug] [2021-02-15T22:34:00.087Z] ----------------------------------------------------------------------
[debug] [2021-02-15T22:34:00.089Z] Command:       C:\Program Files\nodejs\node.exe C:\Users\Bryan\AppData\Roaming\npm\node_modules\firebase-tools\lib\bin\firebase.js init
[debug] [2021-02-15T22:34:00.089Z] CLI Version:   9.3.0
[debug] [2021-02-15T22:34:00.089Z] Platform:      win32
[debug] [2021-02-15T22:34:00.089Z] Node Version:  v15.8.0
[debug] [2021-02-15T22:34:00.090Z] Time:          Mon Feb 15 2021 19:34:00 GMT-0300 (Brasilia Standard Time)
[debug] [2021-02-15T22:34:00.090Z] ----------------------------------------------------------------------
[debug] [2021-02-15T22:34:00.090Z] 
[debug] [2021-02-15T22:34:00.094Z] > command requires scopes: ["email","openid","https://www.googleapis.com/auth/cloudplatformprojects.readonly","https://www.googleapis.com/auth/firebase","https://www.googleapis.com/auth/cloud-platform"]
[debug] [2021-02-15T22:34:00.094Z] > authorizing via signed-in user
[info] 
     ######## #### ########  ######## ########     ###     ######  ########
     ##        ##  ##     ## ##       ##     ##  ##   ##  ##       ##
     ######    ##  ########  ######   ########  #########  ######  ######
     ##        ##  ##    ##  ##       ##     ## ##     ##       ## ##
     ##       #### ##     ## ######## ########  ##     ##  ######  ########

You're about to initialize a Firebase project in this directory:

  C:\Users\Bryan\Documents\Studies\rene\treact

[info] 
=== Project Setup
[info] 
[info] First, let's associate this project directory with a Firebase project.
[info] You can create multiple project aliases by running firebase use --add, 
[info] but for now we'll just set up a default project.
[info] 
[debug] [2021-02-15T22:34:05.039Z] >>> [apiv2][query] GET https://firebase.googleapis.com/v1beta1/projects pageSize=100
[debug] [2021-02-15T22:34:05.708Z] <<< [apiv2][status] GET https://firebase.googleapis.com/v1beta1/projects 200
[debug] [2021-02-15T22:34:05.708Z] <<< [apiv2][body] GET https://firebase.googleapis.com/v1beta1/projects [omitted]
[info] i  Using project lepetgato (LePetGato) 
[info] 
=== Hosting Setup
[info] 
[info] Your public directory is the folder (relative to your project directory) that
[info] will contain Hosting assets to be uploaded with firebase deploy. If you
[info] have a build process for your assets, use your build's output directory.
[info] 
[debug] [2021-02-15T22:34:51.992Z] >>> [apiv2][query] GET https://www.gstatic.com/firebasejs/releases.json [none]
[debug] [2021-02-15T22:34:52.197Z] <<< [apiv2][status] GET https://www.gstatic.com/firebasejs/releases.json 200
[debug] [2021-02-15T22:34:52.198Z] <<< [apiv2][body] GET https://www.gstatic.com/firebasejs/releases.json {"current":{"version":"8.2.7","browserURL":"https://www.gstatic.com/firebasejs/8.2.7/firebase.js","packageURL":"https://www.gstatic.com/firebasejs/8.2.7/firebase.tgz"},"live":{"version":"8.2","browserURL":"https://www.gstatic.com/firebasejs/live/8.2/firebase.js","packageURL":"https://www.gstatic.com/firebasejs/live/8.2/firebase.tgz"},"components":{"analytics":"https://www.gstatic.com/firebasejs/8.2.7/firebase-analytics.js","app":"https://www.gstatic.com/firebasejs/8.2.7/firebase-app.js","auth":"https://www.gstatic.com/firebasejs/8.2.7/firebase-auth.js","database":"https://www.gstatic.com/firebasejs/8.2.7/firebase-database.js","firestore":"https://www.gstatic.com/firebasejs/8.2.7/firebase-firestore.js","functions":"https://www.gstatic.com/firebasejs/8.2.7/firebase-functions.js","installations":"https://www.gstatic.com/firebasejs/8.2.7/firebase-installations.js","messaging":"https://www.gstatic.com/firebasejs/8.2.7/firebase-messaging.js","storage":"https://www.gstatic.com/firebasejs/8.2.7/firebase-storage.js","performance":"https://www.gstatic.com/firebasejs/8.2.7/firebase-performance.js","remote-config":"https://www.gstatic.com/firebasejs/8.2.7/firebase-remote-config.js","firestore.memory":"https://www.gstatic.com/firebasejs/8.2.7/firebase-firestore.memory.js"}}
[info] +  Wrote y/index.html 
[info] 
[info] i  Didn't detect a .git folder. Assuming C:\Users\Bryan\Documents\Studies\rene\treact is the project root. 
[info] i  Authorizing with GitHub to upload your service account to a GitHub repository's secrets store. 
[info] 
[info] Visit this URL on this device to log in:
[info] https://github.com/login/oauth/authorize?client_id=89cf50f02ac6aaed3484&state=892500107&redirect_uri=http%3A%2F%2Flocalhost%3A9005&scope=read%3Auser%20repo%20public_repo
[info] 
[info] Waiting for authentication...
[debug] [2021-02-15T22:37:14.476Z] >>> HTTP REQUEST POST https://github.com/login/oauth/access_token  
 {"client_id":"89cf50f02ac6aaed3484","client_secret":"3330d14abc895d9a74d5f17cd7a00711fa2c5bf0","code":"e5ba97d644a2f500e2ee","redirect_uri":"http://localhost:9005","state":"892500107"}
[debug] [2021-02-15T22:37:15.018Z] <<< HTTP RESPONSE 200 {"server":"GitHub.com","date":"Mon, 15 Feb 2021 22:37:19 GMT","content-type":"application/json; charset=utf-8","transfer-encoding":"chunked","vary":"X-PJAX, Accept-Encoding, Accept, X-Requested-With","etag":"W/\"078864c17b2629b07fd7cd016c5a6697\"","cache-control":"max-age=0, private, must-revalidate","strict-transport-security":"max-age=31536000; includeSubdomains; preload","x-frame-options":"deny","x-content-type-options":"nosniff","x-xss-protection":"1; mode=block","referrer-policy":"origin-when-cross-origin, strict-origin-when-cross-origin","expect-ct":"max-age=2592000, report-uri=\"https://api.github.com/_private/browser/errors\"","content-security-policy":"default-src 'none'; base-uri 'self'; block-all-mixed-content; connect-src 'self' uploads.github.com www.githubstatus.com collector.githubapp.com api.github.com github-cloud.s3.amazonaws.com github-production-repository-file-5c1aeb.s3.amazonaws.com github-production-upload-manifest-file-7fdce7.s3.amazonaws.com github-production-user-asset-6210df.s3.amazonaws.com cdn.optimizely.com logx.optimizely.com/v1/events wss://alive.github.com; font-src github.githubassets.com; form-action 'self' github.com gist.github.com; frame-ancestors 'none'; frame-src render.githubusercontent.com; img-src 'self' data: github.githubassets.com identicons.github.com collector.githubapp.com github-cloud.s3.amazonaws.com user-images.githubusercontent.com/ *.githubusercontent.com; manifest-src 'self'; media-src 'none'; script-src github.githubassets.com; style-src 'unsafe-inline' github.githubassets.com; worker-src github.com/socket-worker-5029ae85.js gist.github.com/socket-worker-5029ae85.js","x-github-request-id":"C90F:1F6A:19B5B08:26BE1A0:602AF79E"}
[debug] [2021-02-15T22:37:15.021Z] >>> [apiv2][query] GET https://api.github.com/user [none]
[debug] [2021-02-15T22:37:15.597Z] <<< [apiv2][status] GET https://api.github.com/user 200
[debug] [2021-02-15T22:37:15.597Z] <<< [apiv2][body] GET https://api.github.com/user {"login":"BryanMotta","id":42421574,"node_id":"MDQ6VXNlcjQyNDIxNTc0","avatar_url":"https://avatars.githubusercontent.com/u/42421574?v=4","gravatar_id":"","url":"https://api.github.com/users/BryanMotta","html_url":"https://github.com/BryanMotta","followers_url":"https://api.github.com/users/BryanMotta/followers","following_url":"https://api.github.com/users/BryanMotta/following{/other_user}","gists_url":"https://api.github.com/users/BryanMotta/gists{/gist_id}","starred_url":"https://api.github.com/users/BryanMotta/starred{/owner}{/repo}","subscriptions_url":"https://api.github.com/users/BryanMotta/subscriptions","organizations_url":"https://api.github.com/users/BryanMotta/orgs","repos_url":"https://api.github.com/users/BryanMotta/repos","events_url":"https://api.github.com/users/BryanMotta/events{/privacy}","received_events_url":"https://api.github.com/users/BryanMotta/received_events","type":"User","site_admin":false,"name":null,"company":null,"blog":"","location":null,"email":null,"hireable":null,"bio":null,"twitter_username":null,"public_repos":5,"public_gists":0,"followers":0,"following":0,"created_at":"2018-08-15T21:12:31Z","updated_at":"2021-02-15T22:36:30Z","private_gists":1,"total_private_repos":2,"owned_private_repos":2,"disk_usage":84664,"collaborators":1,"two_factor_authentication":false,"plan":{"name":"free","space":976562499,"collaborators":0,"private_repos":10000}}
[info] 
[info] +  Success! Logged into GitHub as BryanMotta 
[info] 
